android/Android ASCII 2.2 SDK v1.1.1/Sample Code/LicenceKey/build/outputs/logs/manifest-merger-debug-report.txt
-- Merging decision tree log ---
manifest
ADDED from Sample Code\LicenceKey\AndroidManifest.xml:2:1-37:12
	xmlns:android
		ADDED from Sample Code\LicenceKey\AndroidManifest.xml:2:11-69
	package
		ADDED from Sample Code\LicenceKey\AndroidManifest.xml:3:5-49
	android:versionName
		ADDED from Sample Code\LicenceKey\AndroidManifest.xml:5:5-30
	android:versionCode
		ADDED from Sample Code\LicenceKey\AndroidManifest.xml:4:5-28
		INJECTED from Sample Code\LicenceKey\AndroidManifest.xml
		INJECTED from Sample Code\LicenceKey\AndroidManifest.xml
uses-sdk
ADDED from Sample Code\LicenceKey\AndroidManifest.xml:7:5-9:41
MERGED from [Android ASCII 2.2 SDK v1.1.1:Rfid.AsciiProtocol:unspecified] AndroidManifest.xml:7:5-9:41
MERGED from [com.android.support:support-v4:21.0.0] AndroidManifest.xml:15:5-42
MERGED from [com.android.support:appcompat-v7:21.0.0] AndroidManifest.xml:15:5-42
MERGED from [com.android.support:support-v4:21.0.0] AndroidManifest.xml:15:5-42
MERGED from [Android ASCII 2.2 SDK v1.1.1:DeviceList:unspecified] AndroidManifest.xml:7:5-9:41
MERGED from [com.android.support:appcompat-v7:21.0.0] AndroidManifest.xml:15:5-42
MERGED from [com.android.support:support-v4:21.0.0] AndroidManifest.xml:15:5-42
	android:targetSdkVersion
		ADDED from Sample Code\LicenceKey\AndroidManifest.xml:9:9-38
	android:minSdkVersion
		ADDED from Sample Code\LicenceKey\AndroidManifest.xml:8:9-35
uses-permission#android.permission.BLUETOOTH_ADMIN
ADDED from Sample Code\LicenceKey\AndroidManifest.xml:10:5-73
MERGED from [Android ASCII 2.2 SDK v1.1.1:Rfid.AsciiProtocol:unspecified] AndroidManifest.xml:12:5-74
	android:name
		ADDED from Sample Code\LicenceKey\AndroidManifest.xml:10:22-71
uses-permission#android.permission.BLUETOOTH
ADDED from Sample Code\LicenceKey\AndroidManifest.xml:11:5-67
MERGED from [Android ASCII 2.2 SDK v1.1.1:Rfid.AsciiProtocol:unspecified] AndroidManifest.xml:11:5-68
	android:name
		ADDED from Sample Code\LicenceKey\AndroidManifest.xml:11:22-65
application
ADDED from Sample Code\LicenceKey\AndroidManifest.xml:13:5-35:19
MERGED from [Android ASCII 2.2 SDK v1.1.1:Rfid.AsciiProtocol:unspecified] AndroidManifest.xml:14:5-19:19
MERGED from [com.android.support:support-v4:21.0.0] AndroidManifest.xml:16:5-19
MERGED from [com.android.support:appcompat-v7:21.0.0] AndroidManifest.xml:16:5-19
MERGED from [com.android.support:support-v4:21.0.0] AndroidManifest.xml:16:5-19
MERGED from [Android ASCII 2.2 SDK v1.1.1:DeviceList:unspecified] AndroidManifest.xml:11:5-22:19
MERGED from [com.android.support:appcompat-v7:21.0.0] AndroidManifest.xml:16:5-19
MERGED from [com.android.support:support-v4:21.0.0] AndroidManifest.xml:16:5-19
	android:label
		ADDED from Sample Code\LicenceKey\AndroidManifest.xml:16:9-41
	android:allowBackup
		ADDED from Sample Code\LicenceKey\AndroidManifest.xml:14:9-35
	android:icon
		ADDED from Sample Code\LicenceKey\AndroidManifest.xml:15:9-45
	android:theme
		ADDED from Sample Code\LicenceKey\AndroidManifest.xml:17:9-40
	android:name
		ADDED from Sample Code\LicenceKey\AndroidManifest.xml:18:3-63
activity#com.uk.tsl.rfid.samples.licencekey.LicenceKeyActivity
ADDED from Sample Code\LicenceKey\AndroidManifest.xml:20:9-29:20
	android:windowSoftInputMode
		ADDED from Sample Code\LicenceKey\AndroidManifest.xml:23:13-72
	android:label
		ADDED from Sample Code\LicenceKey\AndroidManifest.xml:22:13-45
	android:name
		ADDED from Sample Code\LicenceKey\AndroidManifest.xml:21:13-47
intent-filter#android.intent.action.MAIN+android.intent.category.LAUNCHER
ADDED from Sample Code\LicenceKey\AndroidManifest.xml:24:13-28:29
action#android.intent.action.MAIN
ADDED from Sample Code\LicenceKey\AndroidManifest.xml:25:17-69
	android:name
		ADDED from Sample Code\LicenceKey\AndroidManifest.xml:25:25-66
category#android.intent.category.LAUNCHER
ADDED from Sample Code\LicenceKey\AndroidManifest.xml:27:17-77
	android:name
		ADDED from Sample Code\LicenceKey\AndroidManifest.xml:27:27-74
activity#com.uk.tsl.rfid.DeviceListActivity
ADDED from Sample Code\LicenceKey\AndroidManifest.xml:30:9-34:20
MERGED from [Android ASCII 2.2 SDK v1.1.1:DeviceList:unspecified] AndroidManifest.xml:16:9-21:59
	android:label
		ADDED from [Android ASCII 2.2 SDK v1.1.1:DeviceList:unspecified] AndroidManifest.xml:20:13-50
	android:icon
		ADDED from [Android ASCII 2.2 SDK v1.1.1:DeviceList:unspecified] AndroidManifest.xml:19:13-49
	android:configChanges
		ADDED from Sample Code\LicenceKey\AndroidManifest.xml:32:13-63
	android:theme
		ADDED from Sample Code\LicenceKey\AndroidManifest.xml:33:13-56
	android:name
		ADDED from Sample Code\LicenceKey\AndroidManifest.xml:31:13-62